INFO  | 2024-03-28 20:42:47 | [main] controller.Client (Client.java:20) - Book with 1,Book(id=1, isbn=ISBN2651, title=Java, author=oracle, price=2000.0) 
INFO  | 2024-03-28 20:42:47 | [main] controller.Client (Client.java:23) - List of all books Book(id=1, isbn=ISBN2651, title=Java, author=oracle, price=2000.0)
INFO  | 2024-03-28 20:43:24 | [main] controller.Client (Client.java:20) - Book with 1,Book(id=1, isbn=ISBN2651, title=Java, author=oracle, price=2000.0) 
INFO  | 2024-03-28 20:43:24 | [main] controller.Client (Client.java:23) - List of all books
[Book(id=1, isbn=ISBN2651, title=Java, author=oracle, price=2000.0),
Book(id=2, isbn=ISBN1563, title=JS, author=JSworld, price=500.0),
Book(id=3, isbn=ISBN6512, title=Spring, author=Rod, price=1234.0),
Book(id=4, isbn=ISBN3333, title=Hibernate, author=Galvin, price=1254.0),
Book(id=5, isbn=ISBN4444, title=SQL, author=SQL world, price=7851.0),
Book(id=6, isbn=ISBN5555, title=Design Pattern, author=Head First, price=2212.0)]
INFO  | 2024-03-29 11:48:38 | [main] controller.Client (Client.java:25) - Book with 1,Book(id=1, isbn=ISBN2651, title=Java, author=oracle, price=2000.0) 
INFO  | 2024-03-29 11:48:38 | [main] controller.Client (Client.java:28) - List of all books [Book(id=1, isbn=ISBN2651, title=Java, author=oracle, price=2000.0), Book(id=2, isbn=ISBN1563, title=JS, author=JSworld, price=500.0), Book(id=3, isbn=ISBN6512, title=Spring, author=Rod, price=1234.0), Book(id=4, isbn=ISBN3333, title=Hibernate, author=Galvin, price=1254.0), Book(id=5, isbn=ISBN4444, title=SQL, author=SQL world, price=7851.0), Book(id=6, isbn=ISBN5555, title=Design Pattern, author=Head First, price=2212.0)]
INFO  | 2024-03-29 12:02:25 | [main] controller.Client (Client.java:29) - Book with 7,Book(id=7, isbn=ISBN8888, title=MicroServices, author=action, price=5000.0) 
INFO  | 2024-03-29 12:11:26 | [main] controller.Client (Client.java:29) - Book with 7,Book(id=7, isbn=ISBN8888, title=MicroServices, author=action, price=5000.0) 
INFO  | 2024-03-29 12:12:16 | [main] controller.Client (Client.java:29) - Book with 7,Book(id=7, isbn=ISBN8888, title=MicroServices, author=action, price=5000.0) is added 
INFO  | 2024-03-29 12:12:16 | [main] controller.Client (Client.java:31) - Book with 7,Book(id=7, isbn=ISBN8888, title=MicroServices, author=action, price=5000.0) is successfully updated 
INFO  | 2024-03-29 12:13:24 | [main] controller.Client (Client.java:29) - Book with 7,Book(id=7, isbn=ISBN8888, title=MicroServices, author=action, price=5000.0) is added 
INFO  | 2024-03-29 12:13:24 | [main] controller.Client (Client.java:31) - Book with 3,Book(id=3, isbn=ISBN6512, title=Spring, author=Rod jon, price=0.0) is successfully updated 
INFO  | 2024-03-29 12:15:27 | [main] controller.Client (Client.java:31) - Book with 7,Book(id=7, isbn=ISBN8888, title=MicroServices, author=action, price=5000.0) is added 
INFO  | 2024-03-29 12:15:27 | [main] controller.Client (Client.java:32) - Book with 8,Book(id=8, isbn=ISBN9999, title=MicroServicesWithNode, author=action, price=3000.0) is added 
INFO  | 2024-03-29 12:15:27 | [main] controller.Client (Client.java:33) - Book with 9,Book(id=9, isbn=ISBN1010, title=MicroServicesWithPython, author=action, price=2400.0) is added 
INFO  | 2024-03-29 12:15:27 | [main] controller.Client (Client.java:35) - Book with 3,Book(id=3, isbn=ISBN6512, title=Spring, author=Rod jon, price=0.0) is successfully updated 
INFO  | 2024-03-29 13:44:11 | [main] controller.Client (Client.java:32) - Book with 7,Book(id=7, isbn=ISBN8888, title=MicroServices, author=action, price=5000.0) is added 
INFO  | 2024-03-29 13:44:11 | [main] controller.Client (Client.java:33) - Book with 8,Book(id=8, isbn=ISBN9999, title=MicroServicesWithNode, author=action, price=3000.0) is added 
INFO  | 2024-03-29 13:44:11 | [main] controller.Client (Client.java:34) - Book with 9,Book(id=9, isbn=ISBN1010, title=MicroServicesWithPython, author=action, price=2400.0) is added 
INFO  | 2024-03-29 13:44:11 | [main] controller.Client (Client.java:36) - Book with 3,Book(id=3, isbn=ISBN6512, title=Spring, author=Rod jon, price=0.0) is successfully updated 
INFO  | 2024-03-29 13:50:22 | [main] controller.Client (Client.java:31) - Book with 7,Book(id=7, isbn=ISBN8888, title=MicroServices, author=action, price=5000.0) is added 
INFO  | 2024-03-29 13:50:22 | [main] controller.Client (Client.java:32) - Book with 8,Book(id=8, isbn=ISBN9999, title=MicroServicesWithNode, author=action, price=3000.0) is added 
INFO  | 2024-03-29 13:50:22 | [main] controller.Client (Client.java:33) - Book with 9,Book(id=9, isbn=ISBN1010, title=MicroServicesWithPython, author=action, price=2400.0) is added 
INFO  | 2024-03-29 13:50:22 | [main] controller.Client (Client.java:35) - Book with 3,Book(id=3, isbn=ISBN6512, title=Spring, author=Rod jon, price=0.0) is successfully updated 
WARN  | 2024-03-29 13:58:12 | [main] support.AbstractApplicationContext (AbstractApplicationContext.java:591) - Exception encountered during context initialization - cancelling refresh attempt: org.springframework.beans.factory.UnsatisfiedDependencyException: Error creating bean with name 'bookServiceImpl': Unsatisfied dependency expressed through field 'bookDao'; nested exception is org.springframework.beans.factory.NoSuchBeanDefinitionException: No qualifying bean of type 'com.razz.DIusingjavaconfiguraiton.dao.BookDao' available: expected at least 1 bean which qualifies as autowire candidate. Dependency annotations: {@org.springframework.beans.factory.annotation.Autowired(required=true)}
WARN  | 2024-03-29 14:00:43 | [main] support.AbstractApplicationContext (AbstractApplicationContext.java:591) - Exception encountered during context initialization - cancelling refresh attempt: org.springframework.beans.factory.UnsatisfiedDependencyException: Error creating bean with name 'bookService': Unsatisfied dependency expressed through field 'bookDao'; nested exception is org.springframework.beans.factory.NoSuchBeanDefinitionException: No qualifying bean of type 'com.razz.DIusingjavaconfiguraiton.dao.BookDao' available: expected at least 1 bean which qualifies as autowire candidate. Dependency annotations: {@org.springframework.beans.factory.annotation.Autowired(required=true)}
INFO  | 2024-03-29 14:01:40 | [main] controller.Client (Client.java:32) - Book with 7,Book(id=7, isbn=ISBN8888, title=MicroServices, author=action, price=5000.0) is added 
INFO  | 2024-03-29 14:01:40 | [main] controller.Client (Client.java:33) - Book with 8,Book(id=8, isbn=ISBN9999, title=MicroServicesWithNode, author=action, price=3000.0) is added 
INFO  | 2024-03-29 14:01:40 | [main] controller.Client (Client.java:34) - Book with 9,Book(id=9, isbn=ISBN1010, title=MicroServicesWithPython, author=action, price=2400.0) is added 
INFO  | 2024-03-29 14:01:40 | [main] controller.Client (Client.java:36) - Book with 3,Book(id=3, isbn=ISBN6512, title=Spring, author=Rod jon, price=0.0) is successfully updated 
INFO  | 2024-03-29 14:31:55 | [main] aspect.LoggingAspect (LoggingAspect.java:17) - ******STARTED 
INFO  | 2024-03-29 14:31:55 | [main] aspect.LoggingAspect (LoggingAspect.java:17) - ******STARTED 
INFO  | 2024-03-29 14:31:55 | [main] aspect.LoggingAspect (LoggingAspect.java:17) - ******STARTED 
INFO  | 2024-03-29 14:31:55 | [main] controller.Client (Client.java:32) - Book with 7,Book(id=7, isbn=ISBN8888, title=MicroServices, author=action, price=5000.0) is added 
INFO  | 2024-03-29 14:31:55 | [main] controller.Client (Client.java:33) - Book with 8,Book(id=8, isbn=ISBN9999, title=MicroServicesWithNode, author=action, price=3000.0) is added 
INFO  | 2024-03-29 14:31:55 | [main] controller.Client (Client.java:34) - Book with 9,Book(id=9, isbn=ISBN1010, title=MicroServicesWithPython, author=action, price=2400.0) is added 
INFO  | 2024-03-29 14:31:55 | [main] aspect.LoggingAspect (LoggingAspect.java:17) - ******STARTED 
INFO  | 2024-03-29 14:31:55 | [main] controller.Client (Client.java:36) - Book with 3,Book(id=3, isbn=ISBN6512, title=Spring, author=Rod jon, price=0.0) is successfully updated 
INFO  | 2024-03-29 14:33:08 | [main] aspect.LoggingAspect (LoggingAspect.java:17) - ******STARTED 
INFO  | 2024-03-29 14:33:08 | [main] aspect.LoggingAspect (LoggingAspect.java:17) - ******STARTED 
INFO  | 2024-03-29 14:33:08 | [main] aspect.LoggingAspect (LoggingAspect.java:17) - ******STARTED 
INFO  | 2024-03-29 14:33:08 | [main] aspect.LoggingAspect (LoggingAspect.java:17) - ******STARTED 
INFO  | 2024-03-29 14:33:08 | [main] aspect.LoggingAspect (LoggingAspect.java:17) - ******STARTED 
INFO  | 2024-03-29 14:34:01 | [main] aspect.LoggingAspect (LoggingAspect.java:17) - ******STARTED getAllBooks
INFO  | 2024-03-29 14:34:01 | [main] aspect.LoggingAspect (LoggingAspect.java:17) - ******STARTED addBook
INFO  | 2024-03-29 14:34:01 | [main] aspect.LoggingAspect (LoggingAspect.java:17) - ******STARTED addBook
INFO  | 2024-03-29 14:34:01 | [main] aspect.LoggingAspect (LoggingAspect.java:17) - ******STARTED addBook
INFO  | 2024-03-29 14:34:01 | [main] aspect.LoggingAspect (LoggingAspect.java:17) - ******STARTED updateBook
INFO  | 2024-03-29 14:47:50 | [main] aspect.LoggingAspect (LoggingAspect.java:17) - ******STARTED {}
INFO  | 2024-03-29 14:47:50 | [main] aspect.LoggingAspect (LoggingAspect.java:17) - ******STARTED Book(id=7, isbn=ISBN8888, title=MicroServices, author=action, price=5000.0)
INFO  | 2024-03-29 14:47:50 | [main] aspect.LoggingAspect (LoggingAspect.java:17) - ******STARTED Book(id=8, isbn=ISBN9999, title=MicroServicesWithNode, author=action, price=3000.0)
INFO  | 2024-03-29 14:47:50 | [main] aspect.LoggingAspect (LoggingAspect.java:17) - ******STARTED Book(id=9, isbn=ISBN1010, title=MicroServicesWithPython, author=action, price=2400.0)
INFO  | 2024-03-29 14:47:50 | [main] aspect.LoggingAspect (LoggingAspect.java:17) - ******STARTED 3
INFO  | 2024-03-29 14:51:18 | [main] aspect.LoggingAspect (LoggingAspect.java:19) - ******STARTED {}
INFO  | 2024-03-29 14:51:18 | [main] aspect.LoggingAspect (LoggingAspect.java:19) - ******STARTED Book(id=7, isbn=ISBN8888, title=MicroServices, author=action, price=5000.0)
INFO  | 2024-03-29 14:51:18 | [main] aspect.LoggingAspect (LoggingAspect.java:19) - ******STARTED Book(id=8, isbn=ISBN9999, title=MicroServicesWithNode, author=action, price=3000.0)
INFO  | 2024-03-29 14:51:18 | [main] aspect.LoggingAspect (LoggingAspect.java:19) - ******STARTED Book(id=9, isbn=ISBN1010, title=MicroServicesWithPython, author=action, price=2400.0)
INFO  | 2024-03-29 14:51:18 | [main] aspect.LoggingAspect (LoggingAspect.java:19) - ******STARTED 3
INFO  | 2024-03-29 14:52:17 | [main] aspect.LoggingAspect (LoggingAspect.java:19) - ******STARTED 0
INFO  | 2024-03-29 14:52:17 | [main] aspect.LoggingAspect (LoggingAspect.java:19) - ******STARTED 1
INFO  | 2024-03-29 14:52:17 | [main] aspect.LoggingAspect (LoggingAspect.java:19) - ******STARTED 1
INFO  | 2024-03-29 14:52:17 | [main] aspect.LoggingAspect (LoggingAspect.java:19) - ******STARTED 1
INFO  | 2024-03-29 14:52:17 | [main] aspect.LoggingAspect (LoggingAspect.java:19) - ******STARTED 2
INFO  | 2024-03-29 14:53:31 | [main] aspect.LoggingAspect (LoggingAspect.java:19) - ******STARTED method-execution
INFO  | 2024-03-29 14:53:31 | [main] aspect.LoggingAspect (LoggingAspect.java:19) - ******STARTED method-execution
INFO  | 2024-03-29 14:53:31 | [main] aspect.LoggingAspect (LoggingAspect.java:19) - ******STARTED method-execution
INFO  | 2024-03-29 14:53:31 | [main] aspect.LoggingAspect (LoggingAspect.java:19) - ******STARTED method-execution
INFO  | 2024-03-29 14:53:31 | [main] aspect.LoggingAspect (LoggingAspect.java:19) - ******STARTED method-execution
INFO  | 2024-03-29 14:54:21 | [main] aspect.LoggingAspect (LoggingAspect.java:19) - ******STARTED org.springframework.aop.aspectj.MethodInvocationProceedingJoinPoint$SourceLocationImpl@37ebc9d8
INFO  | 2024-03-29 14:54:21 | [main] aspect.LoggingAspect (LoggingAspect.java:19) - ******STARTED org.springframework.aop.aspectj.MethodInvocationProceedingJoinPoint$SourceLocationImpl@77307458
INFO  | 2024-03-29 14:54:21 | [main] aspect.LoggingAspect (LoggingAspect.java:19) - ******STARTED org.springframework.aop.aspectj.MethodInvocationProceedingJoinPoint$SourceLocationImpl@290b1b2e
INFO  | 2024-03-29 14:54:21 | [main] aspect.LoggingAspect (LoggingAspect.java:19) - ******STARTED org.springframework.aop.aspectj.MethodInvocationProceedingJoinPoint$SourceLocationImpl@47874b25
INFO  | 2024-03-29 14:54:21 | [main] aspect.LoggingAspect (LoggingAspect.java:19) - ******STARTED org.springframework.aop.aspectj.MethodInvocationProceedingJoinPoint$SourceLocationImpl@33617539
INFO  | 2024-03-29 14:55:28 | [main] aspect.LoggingAspect (LoggingAspect.java:19) - ******STARTED com.razz.DIusingjavaconfiguraiton.service.BookServiceImpl@6e9319f
INFO  | 2024-03-29 14:55:28 | [main] aspect.LoggingAspect (LoggingAspect.java:19) - ******STARTED com.razz.DIusingjavaconfiguraiton.service.BookServiceImpl@6e9319f
INFO  | 2024-03-29 14:55:28 | [main] aspect.LoggingAspect (LoggingAspect.java:19) - ******STARTED com.razz.DIusingjavaconfiguraiton.service.BookServiceImpl@6e9319f
INFO  | 2024-03-29 14:55:28 | [main] aspect.LoggingAspect (LoggingAspect.java:19) - ******STARTED com.razz.DIusingjavaconfiguraiton.service.BookServiceImpl@6e9319f
INFO  | 2024-03-29 14:55:28 | [main] aspect.LoggingAspect (LoggingAspect.java:19) - ******STARTED com.razz.DIusingjavaconfiguraiton.service.BookServiceImpl@6e9319f
INFO  | 2024-03-29 14:57:00 | [main] aspect.LoggingAspect (LoggingAspect.java:19) - ******STARTED BookService.getAllBooks()
INFO  | 2024-03-29 14:57:00 | [main] aspect.LoggingAspect (LoggingAspect.java:19) - ******STARTED BookService.addBook(..)
INFO  | 2024-03-29 14:57:00 | [main] aspect.LoggingAspect (LoggingAspect.java:19) - ******STARTED BookService.addBook(..)
INFO  | 2024-03-29 14:57:00 | [main] aspect.LoggingAspect (LoggingAspect.java:19) - ******STARTED BookService.addBook(..)
INFO  | 2024-03-29 14:57:00 | [main] aspect.LoggingAspect (LoggingAspect.java:19) - ******STARTED BookService.updateBook(..)
INFO  | 2024-03-29 14:58:10 | [main] aspect.LoggingAspect (LoggingAspect.java:19) - ******STARTED getAllBooks
INFO  | 2024-03-29 14:58:10 | [main] aspect.LoggingAspect (LoggingAspect.java:19) - ******STARTED addBook
INFO  | 2024-03-29 14:58:10 | [main] aspect.LoggingAspect (LoggingAspect.java:19) - ******STARTED addBook
INFO  | 2024-03-29 14:58:10 | [main] aspect.LoggingAspect (LoggingAspect.java:19) - ******STARTED addBook
INFO  | 2024-03-29 14:58:10 | [main] aspect.LoggingAspect (LoggingAspect.java:19) - ******STARTED updateBook
INFO  | 2024-03-29 14:58:45 | [main] aspect.LoggingAspect (LoggingAspect.java:19) - ******STARTED BookService.getAllBooks()
INFO  | 2024-03-29 14:58:45 | [main] aspect.LoggingAspect (LoggingAspect.java:19) - ******STARTED BookService.addBook(..)
INFO  | 2024-03-29 14:58:45 | [main] aspect.LoggingAspect (LoggingAspect.java:19) - ******STARTED BookService.addBook(..)
INFO  | 2024-03-29 14:58:45 | [main] aspect.LoggingAspect (LoggingAspect.java:19) - ******STARTED BookService.addBook(..)
INFO  | 2024-03-29 14:58:45 | [main] aspect.LoggingAspect (LoggingAspect.java:19) - ******STARTED BookService.updateBook(..)
INFO  | 2024-03-29 14:59:56 | [main] aspect.LoggingAspect (LoggingAspect.java:19) - ******STARTED BookService.getAllBooks()
INFO  | 2024-03-29 14:59:56 | [main] aspect.LoggingAspect (LoggingAspect.java:19) - ******STARTED BookService.addBook(..)
INFO  | 2024-03-29 14:59:56 | [main] aspect.LoggingAspect (LoggingAspect.java:19) - ******STARTED BookService.addBook(..)
INFO  | 2024-03-29 14:59:56 | [main] aspect.LoggingAspect (LoggingAspect.java:19) - ******STARTED BookService.addBook(..)
INFO  | 2024-03-29 14:59:56 | [main] aspect.LoggingAspect (LoggingAspect.java:19) - ******STARTED BookService.updateBook(..)
WARN  | 2024-03-29 15:07:06 | [main] support.AbstractApplicationContext (AbstractApplicationContext.java:591) - Exception encountered during context initialization - cancelling refresh attempt: org.springframework.beans.factory.BeanCreationException: Error creating bean with name 'appConfig': Initialization of bean failed; nested exception is java.lang.IllegalArgumentException: Pointcut is not well-formed: expecting ')' at character position 9
within(* com.razz.DIusingjavaconfiguraiton.service.BookServiceImpl)
         ^^^

INFO  | 2024-03-29 15:08:12 | [main] aspect.LoggingAspect (LoggingAspect.java:26) - ******EXECUTION STARTED getAllBooks
INFO  | 2024-03-29 15:08:12 | [main] aspect.LoggingAspect (LoggingAspect.java:29) - ******EXECUTION FINISHED getAllBooks
INFO  | 2024-03-29 15:08:12 | [main] aspect.LoggingAspect (LoggingAspect.java:26) - ******EXECUTION STARTED addBook
INFO  | 2024-03-29 15:08:12 | [main] aspect.LoggingAspect (LoggingAspect.java:29) - ******EXECUTION FINISHED addBook
INFO  | 2024-03-29 15:08:12 | [main] aspect.LoggingAspect (LoggingAspect.java:26) - ******EXECUTION STARTED addBook
INFO  | 2024-03-29 15:08:12 | [main] aspect.LoggingAspect (LoggingAspect.java:29) - ******EXECUTION FINISHED addBook
INFO  | 2024-03-29 15:08:12 | [main] aspect.LoggingAspect (LoggingAspect.java:26) - ******EXECUTION STARTED addBook
INFO  | 2024-03-29 15:08:12 | [main] aspect.LoggingAspect (LoggingAspect.java:29) - ******EXECUTION FINISHED addBook
INFO  | 2024-03-29 15:08:12 | [main] aspect.LoggingAspect (LoggingAspect.java:26) - ******EXECUTION STARTED updateBook
INFO  | 2024-03-29 15:08:12 | [main] aspect.LoggingAspect (LoggingAspect.java:29) - ******EXECUTION FINISHED updateBook
INFO  | 2024-03-29 15:11:57 | [main] aspect.LoggingAspect (LoggingAspect.java:26) - ******EXECUTION STARTED getAllBooks
INFO  | 2024-03-29 15:11:57 | [main] aspect.LoggingAspect (LoggingAspect.java:29) - ******EXECUTION FINISHED getAllBooks
INFO  | 2024-03-29 15:11:57 | [main] aspect.LoggingAspect (LoggingAspect.java:26) - ******EXECUTION STARTED addBook
INFO  | 2024-03-29 15:11:57 | [main] aspect.LoggingAspect (LoggingAspect.java:29) - ******EXECUTION FINISHED addBook
INFO  | 2024-03-29 15:11:57 | [main] aspect.LoggingAspect (LoggingAspect.java:26) - ******EXECUTION STARTED addBook
INFO  | 2024-03-29 15:11:57 | [main] aspect.LoggingAspect (LoggingAspect.java:29) - ******EXECUTION FINISHED addBook
INFO  | 2024-03-29 15:11:57 | [main] aspect.LoggingAspect (LoggingAspect.java:26) - ******EXECUTION STARTED addBook
INFO  | 2024-03-29 15:11:57 | [main] aspect.LoggingAspect (LoggingAspect.java:29) - ******EXECUTION FINISHED addBook
INFO  | 2024-03-29 15:11:57 | [main] aspect.LoggingAspect (LoggingAspect.java:26) - ******EXECUTION STARTED updateBook
INFO  | 2024-03-29 15:11:57 | [main] aspect.LoggingAspect (LoggingAspect.java:29) - ******EXECUTION FINISHED updateBook
INFO  | 2024-03-29 18:31:42 | [main] aspect.LoggingAspect (LoggingAspect.java:29) - ******EXECUTION STARTED deleteBook
INFO  | 2024-03-29 18:31:42 | [main] aspect.LoggingAspect (LoggingAspect.java:31) - ******EXECUTION FINISHED deleteBook
INFO  | 2024-03-29 18:32:13 | [main] aspect.LoggingAspect (LoggingAspect.java:29) - ******EXECUTION STARTED deleteBook
INFO  | 2024-03-29 18:32:13 | [main] aspect.LoggingAspect (LoggingAspect.java:31) - ******EXECUTION FINISHED deleteBook
INFO  | 2024-03-29 18:35:38 | [main] aspect.LoggingAspect (LoggingAspect.java:29) - ******EXECUTION STARTED deleteBook
ERROR | 2024-03-29 18:35:38 | [main] aspect.LoggingAspect (LoggingAspect.java:36) - Exception deleteBook,No Book
INFO  | 2024-03-29 18:52:38 | [main] aspect.LoggingAspect (LoggingAspect.java:29) - ******EXECUTION STARTED deleteBook
ERROR | 2024-03-29 18:52:38 | [main] aspect.LoggingAspect (LoggingAspect.java:36) - Exception deleteBook,No Book
INFO  | 2024-03-29 21:28:21 | [main] aspect.LoggingAspect (LoggingAspect.java:29) - ******EXECUTION STARTED deleteBook
ERROR | 2024-03-29 21:28:21 | [main] aspect.LoggingAspect (LoggingAspect.java:36) - Exception in deleteBook,java.sql.SQLSyntaxErrorException: You have an error in your SQL syntax; check the manual that corresponds to your MySQL server version for the right syntax to use near '* from book where id=9' at line 1
INFO  | 2024-03-29 21:30:20 | [main] controller.Client (Client.java:25) - BookDTO(id=1, isbn=ISBN2651, title=Java, author=oracle, price=2000.0)
INFO  | 2024-03-29 21:37:39 | [main] controller.Client (Client.java:28) - [BookDTO(id=1, isbn=ISBN2651, title=Java, author=oracle, price=2000.0), BookDTO(id=2, isbn=ISBN1563, title=JS, author=JSworld, price=500.0), BookDTO(id=3, isbn=ISBN6512, title=Spring, author=Rod, price=1234.0), BookDTO(id=4, isbn=ISBN3333, title=Hibernate, author=Galvin, price=1254.0), BookDTO(id=5, isbn=ISBN4444, title=SQL, author=SQL world, price=7851.0)]

INFO  | 2024-03-29 21:45:43 | [main] controller.Client (Client.java:28) - [BookDTO(id=1, isbn=ISBN2651, title=Java, author=oracle, price=2000.0), BookDTO(id=2, isbn=ISBN1563, title=JS, author=JSworld, price=500.0), BookDTO(id=3, isbn=ISBN6512, title=Spring, author=Rod, price=1234.0), BookDTO(id=4, isbn=ISBN3333, title=Hibernate, author=Galvin, price=1254.0), BookDTO(id=5, isbn=ISBN4444, title=SQL, author=SQL world, price=7851.0)]

INFO  | 2024-03-29 21:45:44 | [main] controller.Client (Client.java:31) - Successfully updated {} records
INFO  | 2024-03-29 21:47:06 | [main] controller.Client (Client.java:28) - [BookDTO(id=1, isbn=ISBN2651, title=Java, author=oracle, price=2000.0), BookDTO(id=2, isbn=ISBN1563, title=JS, author=JSworld, price=500.0), BookDTO(id=3, isbn=ISBN6512, title=Spring, author=Rod, price=1234.0), BookDTO(id=4, isbn=ISBN3333, title=Hibernate, author=Galvin, price=1254.0), BookDTO(id=5, isbn=ISBN4444, title=SQL, author=SQL world, price=7851.0), BookDTO(id=6, isbn=ISBN8888, title=MicroServices, author=action, price=5000.0)]

INFO  | 2024-03-29 21:50:31 | [main] controller.Client (Client.java:38) - Successfully updated {} records
INFO  | 2024-03-29 21:58:12 | [main] aspect.LoggingAspect (LoggingAspect.java:29) - ******EXECUTION STARTED deleteBook
ERROR | 2024-03-29 21:58:14 | [main] aspect.LoggingAspect (LoggingAspect.java:36) - Exception in deleteBook,java.sql.SQLSyntaxErrorException: You have an error in your SQL syntax; check the manual that corresponds to your MySQL server version for the right syntax to use near '* from book where id=2' at line 1
INFO  | 2024-03-29 21:58:57 | [main] aspect.LoggingAspect (LoggingAspect.java:29) - ******EXECUTION STARTED deleteBook
ERROR | 2024-03-29 21:58:58 | [main] aspect.LoggingAspect (LoggingAspect.java:36) - Exception in deleteBook,No Book found to delte
INFO  | 2024-03-29 22:01:56 | [main] aspect.LoggingAspect (LoggingAspect.java:29) - ******EXECUTION STARTED deleteBook
INFO  | 2024-03-29 22:01:57 | [main] aspect.LoggingAspect (LoggingAspect.java:31) - ******EXECUTION FINISHED deleteBook
WARN  | 2024-03-30 19:41:40 | [main] support.AbstractApplicationContext (AbstractApplicationContext.java:591) - Exception encountered during context initialization - cancelling refresh attempt: org.springframework.beans.factory.BeanDefinitionStoreException: Failed to parse configuration class [com.razz.DIusingjavaconfiguraiton.config.AppConfig]; nested exception is org.springframework.context.annotation.ConflictingBeanDefinitionException: Annotation-specified bean name 'bookDao' for bean class [com.razz.DIusingjavaconfiguraiton.dao.BookDaoPlainJDBCImpl] conflicts with existing, non-compatible bean definition of same name and class [com.razz.DIusingjavaconfiguraiton.dao.BookDaoJDBCTemplateImpl]
WARN  | 2024-03-30 19:49:38 | [main] support.AbstractApplicationContext (AbstractApplicationContext.java:591) - Exception encountered during context initialization - cancelling refresh attempt: org.springframework.beans.factory.BeanDefinitionStoreException: Failed to parse configuration class [com.razz.DIusingjavaconfiguraiton.config.AppConfig]; nested exception is org.springframework.context.annotation.ConflictingBeanDefinitionException: Annotation-specified bean name 'bookDao' for bean class [com.razz.DIusingjavaconfiguraiton.dao.BookDaoPlainJDBCImpl] conflicts with existing, non-compatible bean definition of same name and class [com.razz.DIusingjavaconfiguraiton.dao.BookDaoJDBCTemplateImpl]
WARN  | 2024-03-30 19:52:07 | [main] support.AbstractApplicationContext (AbstractApplicationContext.java:591) - Exception encountered during context initialization - cancelling refresh attempt: org.springframework.beans.factory.BeanDefinitionStoreException: Failed to parse configuration class [com.razz.DIusingjavaconfiguraiton.config.AppConfig]; nested exception is org.springframework.context.annotation.ConflictingBeanDefinitionException: Annotation-specified bean name 'bookDao' for bean class [com.razz.DIusingjavaconfiguraiton.dao.BookDaoPlainJDBCImpl] conflicts with existing, non-compatible bean definition of same name and class [com.razz.DIusingjavaconfiguraiton.dao.BookDaoJDBCTemplateImpl]
INFO  | 2024-03-31 12:19:52 | [main] controller.Client (Client.java:63) - []
INFO  | 2024-03-31 12:36:31 | [main] controller.Client (Client.java:63) - [null, null, null, null, null]
INFO  | 2024-03-31 12:40:38 | [main] controller.Client (Client.java:63) - [BookDTO(id=1, isbn=ISBN2651, title=Java, author=oracle, price=2000.0), BookDTO(id=3, isbn=ISBN6512, title=Spring, author=Rod jon, price=0.0), BookDTO(id=4, isbn=ISBN3333, title=Hibernate, author=Galvin, price=1254.0), BookDTO(id=5, isbn=ISBN4444, title=SQL, author=SQL world, price=7851.0), BookDTO(id=6, isbn=ISBN8888, title=MicroServices, author=action, price=5000.0)]
INFO  | 2024-03-31 12:58:52 | [main] controller.Client (Client.java:66) - 1
INFO  | 2024-03-31 13:00:01 | [main] controller.Client (Client.java:66) - Updated 1 record
INFO  | 2024-03-31 13:01:31 | [main] controller.Client (Client.java:69) - Updated 1 record
INFO  | 2024-03-31 13:04:54 | [main] controller.Client (Client.java:72) - 0
INFO  | 2024-03-31 13:06:29 | [main] controller.Client (Client.java:72) - 1
INFO  | 2024-03-31 13:07:26 | [main] aspect.LoggingAspect (LoggingAspect.java:29) - ******EXECUTION STARTED deleteBook
INFO  | 2024-03-31 13:07:28 | [main] aspect.LoggingAspect (LoggingAspect.java:31) - ******EXECUTION FINISHED deleteBook
INFO  | 2024-04-01 22:40:19 | [main] hibernate.Version (Version.java:44) - HHH000412: Hibernate ORM core version 6.1.5.Final
WARN  | 2024-04-01 22:40:20 | [main] stax.LocalXmlResourceResolver (LocalXmlResourceResolver.java:110) - HHH90000012: Recognized obsolete hibernate namespace http://hibernate.sourceforge.net/hibernate-configuration. Use namespace http://www.hibernate.org/dtd/hibernate-configuration instead.  Support for obsolete DTD/XSD namespaces may be removed at any time.
WARN  | 2024-04-01 22:40:22 | [main] internal.DriverManagerConnectionProviderImpl (DriverManagerConnectionProviderImpl.java:77) - HHH10001002: Using built-in connection pool (not intended for production use)
INFO  | 2024-04-01 22:40:22 | [main] internal.DriverManagerConnectionProviderImpl (DriverManagerConnectionProviderImpl.java:136) - HHH10001005: Loaded JDBC driver class: com.mysql.cj.jdbc.Driver
INFO  | 2024-04-01 22:40:22 | [main] internal.DriverManagerConnectionProviderImpl (DriverManagerConnectionProviderImpl.java:158) - HHH10001012: Connecting with JDBC URL [jdbc:mysql://localhost:3306/bookstore?useSSL=false]
INFO  | 2024-04-01 22:40:22 | [main] internal.DriverManagerConnectionProviderImpl (DriverManagerConnectionProviderImpl.java:167) - HHH10001001: Connection properties: {password=****, user=root}
INFO  | 2024-04-01 22:40:22 | [main] internal.DriverManagerConnectionProviderImpl (DriverManagerConnectionProviderImpl.java:171) - HHH10001003: Autocommit mode: false
INFO  | 2024-04-01 22:40:22 | [main] internal.DriverManagerConnectionProviderImpl$PooledConnections (DriverManagerConnectionProviderImpl.java:363) - HHH10001115: Connection pool size: 50 (min=1)
INFO  | 2024-04-01 22:40:24 | [main] internal.DialectFactoryImpl (DialectFactoryImpl.java:66) - HHH000400: Using dialect: org.hibernate.dialect.MySQL57Dialect
WARN  | 2024-04-01 22:40:24 | [main] internal.DialectFactoryImpl (DialectFactoryImpl.java:73) - HHH90000026: MySQL57Dialect has been deprecated; use org.hibernate.dialect.MySQLDialect instead
INFO  | 2024-04-01 22:41:30 | [main] hibernate.Version (Version.java:44) - HHH000412: Hibernate ORM core version 6.1.5.Final
WARN  | 2024-04-01 22:41:31 | [main] stax.LocalXmlResourceResolver (LocalXmlResourceResolver.java:110) - HHH90000012: Recognized obsolete hibernate namespace http://hibernate.sourceforge.net/hibernate-configuration. Use namespace http://www.hibernate.org/dtd/hibernate-configuration instead.  Support for obsolete DTD/XSD namespaces may be removed at any time.
WARN  | 2024-04-01 22:41:32 | [main] internal.DriverManagerConnectionProviderImpl (DriverManagerConnectionProviderImpl.java:77) - HHH10001002: Using built-in connection pool (not intended for production use)
INFO  | 2024-04-01 22:41:32 | [main] internal.DriverManagerConnectionProviderImpl (DriverManagerConnectionProviderImpl.java:136) - HHH10001005: Loaded JDBC driver class: com.mysql.cj.jdbc.Driver
INFO  | 2024-04-01 22:41:32 | [main] internal.DriverManagerConnectionProviderImpl (DriverManagerConnectionProviderImpl.java:158) - HHH10001012: Connecting with JDBC URL [jdbc:mysql://localhost:3306/bookstore?useSSL=false]
INFO  | 2024-04-01 22:41:32 | [main] internal.DriverManagerConnectionProviderImpl (DriverManagerConnectionProviderImpl.java:167) - HHH10001001: Connection properties: {password=****, user=root}
INFO  | 2024-04-01 22:41:32 | [main] internal.DriverManagerConnectionProviderImpl (DriverManagerConnectionProviderImpl.java:171) - HHH10001003: Autocommit mode: false
INFO  | 2024-04-01 22:41:32 | [main] internal.DriverManagerConnectionProviderImpl$PooledConnections (DriverManagerConnectionProviderImpl.java:363) - HHH10001115: Connection pool size: 50 (min=1)
INFO  | 2024-04-01 22:41:33 | [main] internal.DialectFactoryImpl (DialectFactoryImpl.java:66) - HHH000400: Using dialect: org.hibernate.dialect.MySQL57Dialect
WARN  | 2024-04-01 22:41:33 | [main] internal.DialectFactoryImpl (DialectFactoryImpl.java:73) - HHH90000026: MySQL57Dialect has been deprecated; use org.hibernate.dialect.MySQLDialect instead
INFO  | 2024-04-01 22:42:47 | [main] hibernate.Version (Version.java:44) - HHH000412: Hibernate ORM core version 6.1.5.Final
WARN  | 2024-04-01 22:42:47 | [main] stax.LocalXmlResourceResolver (LocalXmlResourceResolver.java:110) - HHH90000012: Recognized obsolete hibernate namespace http://hibernate.sourceforge.net/hibernate-configuration. Use namespace http://www.hibernate.org/dtd/hibernate-configuration instead.  Support for obsolete DTD/XSD namespaces may be removed at any time.
WARN  | 2024-04-01 22:42:48 | [main] internal.DriverManagerConnectionProviderImpl (DriverManagerConnectionProviderImpl.java:77) - HHH10001002: Using built-in connection pool (not intended for production use)
INFO  | 2024-04-01 22:42:48 | [main] internal.DriverManagerConnectionProviderImpl (DriverManagerConnectionProviderImpl.java:136) - HHH10001005: Loaded JDBC driver class: com.mysql.cj.jdbc.Driver
INFO  | 2024-04-01 22:42:48 | [main] internal.DriverManagerConnectionProviderImpl (DriverManagerConnectionProviderImpl.java:158) - HHH10001012: Connecting with JDBC URL [jdbc:mysql://localhost:3306/bookstore?useSSL=false]
INFO  | 2024-04-01 22:42:48 | [main] internal.DriverManagerConnectionProviderImpl (DriverManagerConnectionProviderImpl.java:167) - HHH10001001: Connection properties: {password=****, user=root}
INFO  | 2024-04-01 22:42:48 | [main] internal.DriverManagerConnectionProviderImpl (DriverManagerConnectionProviderImpl.java:171) - HHH10001003: Autocommit mode: false
INFO  | 2024-04-01 22:42:48 | [main] internal.DriverManagerConnectionProviderImpl$PooledConnections (DriverManagerConnectionProviderImpl.java:363) - HHH10001115: Connection pool size: 50 (min=1)
INFO  | 2024-04-01 22:42:49 | [main] internal.DialectFactoryImpl (DialectFactoryImpl.java:66) - HHH000400: Using dialect: org.hibernate.dialect.MySQL57Dialect
WARN  | 2024-04-01 22:42:49 | [main] internal.DialectFactoryImpl (DialectFactoryImpl.java:73) - HHH90000026: MySQL57Dialect has been deprecated; use org.hibernate.dialect.MySQLDialect instead
INFO  | 2024-04-01 22:42:51 | [main] internal.DdlTransactionIsolatorNonJtaImpl (DdlTransactionIsolatorNonJtaImpl.java:45) - HHH10001501: Connection obtained from JdbcConnectionAccess [org.hibernate.engine.jdbc.env.internal.JdbcEnvironmentInitiator$ConnectionProviderJdbcConnectionAccess@319642db] for (non-JTA) DDL execution was not in auto-commit mode; the Connection 'local transaction' will be committed and the Connection will be set into auto-commit mode.
INFO  | 2024-04-01 22:42:51 | [main] internal.JtaPlatformInitiator (JtaPlatformInitiator.java:51) - HHH000490: Using JtaPlatform implementation: [org.hibernate.engine.transaction.jta.platform.internal.NoJtaPlatform]
INFO  | 2024-04-01 22:43:27 | [main] hibernate.Version (Version.java:44) - HHH000412: Hibernate ORM core version 6.1.5.Final
WARN  | 2024-04-01 22:43:27 | [main] stax.LocalXmlResourceResolver (LocalXmlResourceResolver.java:110) - HHH90000012: Recognized obsolete hibernate namespace http://hibernate.sourceforge.net/hibernate-configuration. Use namespace http://www.hibernate.org/dtd/hibernate-configuration instead.  Support for obsolete DTD/XSD namespaces may be removed at any time.
WARN  | 2024-04-01 22:43:28 | [main] internal.DriverManagerConnectionProviderImpl (DriverManagerConnectionProviderImpl.java:77) - HHH10001002: Using built-in connection pool (not intended for production use)
INFO  | 2024-04-01 22:43:28 | [main] internal.DriverManagerConnectionProviderImpl (DriverManagerConnectionProviderImpl.java:136) - HHH10001005: Loaded JDBC driver class: com.mysql.cj.jdbc.Driver
INFO  | 2024-04-01 22:43:28 | [main] internal.DriverManagerConnectionProviderImpl (DriverManagerConnectionProviderImpl.java:158) - HHH10001012: Connecting with JDBC URL [jdbc:mysql://localhost:3306/bookstore?useSSL=false]
INFO  | 2024-04-01 22:43:28 | [main] internal.DriverManagerConnectionProviderImpl (DriverManagerConnectionProviderImpl.java:167) - HHH10001001: Connection properties: {password=****, user=root}
INFO  | 2024-04-01 22:43:28 | [main] internal.DriverManagerConnectionProviderImpl (DriverManagerConnectionProviderImpl.java:171) - HHH10001003: Autocommit mode: false
INFO  | 2024-04-01 22:43:28 | [main] internal.DriverManagerConnectionProviderImpl$PooledConnections (DriverManagerConnectionProviderImpl.java:363) - HHH10001115: Connection pool size: 50 (min=1)
INFO  | 2024-04-01 22:43:29 | [main] internal.DialectFactoryImpl (DialectFactoryImpl.java:66) - HHH000400: Using dialect: org.hibernate.dialect.MySQL57Dialect
WARN  | 2024-04-01 22:43:29 | [main] internal.DialectFactoryImpl (DialectFactoryImpl.java:73) - HHH90000026: MySQL57Dialect has been deprecated; use org.hibernate.dialect.MySQLDialect instead
INFO  | 2024-04-01 22:43:31 | [main] internal.DdlTransactionIsolatorNonJtaImpl (DdlTransactionIsolatorNonJtaImpl.java:45) - HHH10001501: Connection obtained from JdbcConnectionAccess [org.hibernate.engine.jdbc.env.internal.JdbcEnvironmentInitiator$ConnectionProviderJdbcConnectionAccess@35d26ad2] for (non-JTA) DDL execution was not in auto-commit mode; the Connection 'local transaction' will be committed and the Connection will be set into auto-commit mode.
INFO  | 2024-04-01 22:43:31 | [main] internal.JtaPlatformInitiator (JtaPlatformInitiator.java:51) - HHH000490: Using JtaPlatform implementation: [org.hibernate.engine.transaction.jta.platform.internal.NoJtaPlatform]
INFO  | 2024-04-01 22:43:32 | [main] internal.DriverManagerConnectionProviderImpl$PoolState (DriverManagerConnectionProviderImpl.java:605) - HHH10001008: Cleaning up connection pool [jdbc:mysql://localhost:3306/bookstore?useSSL=false]
INFO  | 2024-04-01 22:51:43 | [main] hibernate.Version (Version.java:44) - HHH000412: Hibernate ORM core version 6.1.5.Final
WARN  | 2024-04-01 22:51:44 | [main] stax.LocalXmlResourceResolver (LocalXmlResourceResolver.java:110) - HHH90000012: Recognized obsolete hibernate namespace http://hibernate.sourceforge.net/hibernate-configuration. Use namespace http://www.hibernate.org/dtd/hibernate-configuration instead.  Support for obsolete DTD/XSD namespaces may be removed at any time.
WARN  | 2024-04-01 22:51:45 | [main] internal.DriverManagerConnectionProviderImpl (DriverManagerConnectionProviderImpl.java:77) - HHH10001002: Using built-in connection pool (not intended for production use)
INFO  | 2024-04-01 22:51:45 | [main] internal.DriverManagerConnectionProviderImpl (DriverManagerConnectionProviderImpl.java:136) - HHH10001005: Loaded JDBC driver class: com.mysql.cj.jdbc.Driver
INFO  | 2024-04-01 22:51:45 | [main] internal.DriverManagerConnectionProviderImpl (DriverManagerConnectionProviderImpl.java:158) - HHH10001012: Connecting with JDBC URL [jdbc:mysql://localhost:3306/bookstore?useSSL=false]
INFO  | 2024-04-01 22:51:45 | [main] internal.DriverManagerConnectionProviderImpl (DriverManagerConnectionProviderImpl.java:167) - HHH10001001: Connection properties: {password=****, user=root}
INFO  | 2024-04-01 22:51:45 | [main] internal.DriverManagerConnectionProviderImpl (DriverManagerConnectionProviderImpl.java:171) - HHH10001003: Autocommit mode: false
INFO  | 2024-04-01 22:51:45 | [main] internal.DriverManagerConnectionProviderImpl$PooledConnections (DriverManagerConnectionProviderImpl.java:363) - HHH10001115: Connection pool size: 50 (min=1)
INFO  | 2024-04-01 22:51:45 | [main] internal.DialectFactoryImpl (DialectFactoryImpl.java:66) - HHH000400: Using dialect: org.hibernate.dialect.MySQL57Dialect
WARN  | 2024-04-01 22:51:45 | [main] internal.DialectFactoryImpl (DialectFactoryImpl.java:73) - HHH90000026: MySQL57Dialect has been deprecated; use org.hibernate.dialect.MySQLDialect instead
INFO  | 2024-04-01 22:51:47 | [main] internal.DdlTransactionIsolatorNonJtaImpl (DdlTransactionIsolatorNonJtaImpl.java:45) - HHH10001501: Connection obtained from JdbcConnectionAccess [org.hibernate.engine.jdbc.env.internal.JdbcEnvironmentInitiator$ConnectionProviderJdbcConnectionAccess@319642db] for (non-JTA) DDL execution was not in auto-commit mode; the Connection 'local transaction' will be committed and the Connection will be set into auto-commit mode.
INFO  | 2024-04-01 22:51:47 | [main] internal.JtaPlatformInitiator (JtaPlatformInitiator.java:51) - HHH000490: Using JtaPlatform implementation: [org.hibernate.engine.transaction.jta.platform.internal.NoJtaPlatform]
INFO  | 2024-04-01 22:51:50 | [main] controller.Client (Client.java:37) - [Book(id=1, isbn=ISBN2651, title=Java, author=oracle, price=2000.0), Book(id=3, isbn=ISBN6512, title=Spring, author=Rod jon, price=0.0), Book(id=4, isbn=ISBN3333, title=Hibernate, author=Galvin, price=1254.0), Book(id=5, isbn=ISBN4444, title=SQL, author=SQL world, price=7851.0), Book(id=6, isbn=ISBN8888, title=Micro, author=action, price=5000.0), Book(id=7, isbn=ISBN8888, title=Micro, author=action, price=5000.0), Book(id=8, isbn=ISBN8888, title=Micro, author=action, price=5000.0), Book(id=9, isbn=ISBN8888, title=ABC, author=action, price=5003.0), Book(id=10, isbn=ISBNM343, title=cde, author=action, price=50022.0), Book(id=11, isbn=ISBN0909, title=EFG, author=action, price=5011.0), Book(id=12, isbn=ISBN8888, title=Micro, author=action, price=5000.0), Book(id=13, isbn=ISBN8888, title=SunMicroSystem, author=Eclipse, price=5000.0)]
INFO  | 2024-04-01 22:51:50 | [main] internal.DriverManagerConnectionProviderImpl$PoolState (DriverManagerConnectionProviderImpl.java:605) - HHH10001008: Cleaning up connection pool [jdbc:mysql://localhost:3306/bookstore?useSSL=false]
INFO  | 2024-04-02 18:21:54 | [main] hibernate.Version (Version.java:44) - HHH000412: Hibernate ORM core version 6.1.5.Final
WARN  | 2024-04-02 18:21:55 | [main] stax.LocalXmlResourceResolver (LocalXmlResourceResolver.java:110) - HHH90000012: Recognized obsolete hibernate namespace http://hibernate.sourceforge.net/hibernate-configuration. Use namespace http://www.hibernate.org/dtd/hibernate-configuration instead.  Support for obsolete DTD/XSD namespaces may be removed at any time.
WARN  | 2024-04-02 18:21:57 | [main] internal.DriverManagerConnectionProviderImpl (DriverManagerConnectionProviderImpl.java:77) - HHH10001002: Using built-in connection pool (not intended for production use)
INFO  | 2024-04-02 18:21:57 | [main] internal.DriverManagerConnectionProviderImpl (DriverManagerConnectionProviderImpl.java:136) - HHH10001005: Loaded JDBC driver class: com.mysql.cj.jdbc.Driver
INFO  | 2024-04-02 18:21:57 | [main] internal.DriverManagerConnectionProviderImpl (DriverManagerConnectionProviderImpl.java:158) - HHH10001012: Connecting with JDBC URL [jdbc:mysql://localhost:3306/bookstore?useSSL=false]
INFO  | 2024-04-02 18:21:57 | [main] internal.DriverManagerConnectionProviderImpl (DriverManagerConnectionProviderImpl.java:167) - HHH10001001: Connection properties: {password=****, user=root}
INFO  | 2024-04-02 18:21:57 | [main] internal.DriverManagerConnectionProviderImpl (DriverManagerConnectionProviderImpl.java:171) - HHH10001003: Autocommit mode: false
INFO  | 2024-04-02 18:21:57 | [main] internal.DriverManagerConnectionProviderImpl$PooledConnections (DriverManagerConnectionProviderImpl.java:363) - HHH10001115: Connection pool size: 50 (min=1)
INFO  | 2024-04-02 18:21:58 | [main] internal.DialectFactoryImpl (DialectFactoryImpl.java:66) - HHH000400: Using dialect: org.hibernate.dialect.MySQL57Dialect
WARN  | 2024-04-02 18:21:58 | [main] internal.DialectFactoryImpl (DialectFactoryImpl.java:73) - HHH90000026: MySQL57Dialect has been deprecated; use org.hibernate.dialect.MySQLDialect instead
INFO  | 2024-04-02 18:22:01 | [main] internal.DdlTransactionIsolatorNonJtaImpl (DdlTransactionIsolatorNonJtaImpl.java:45) - HHH10001501: Connection obtained from JdbcConnectionAccess [org.hibernate.engine.jdbc.env.internal.JdbcEnvironmentInitiator$ConnectionProviderJdbcConnectionAccess@11787b64] for (non-JTA) DDL execution was not in auto-commit mode; the Connection 'local transaction' will be committed and the Connection will be set into auto-commit mode.
INFO  | 2024-04-02 18:22:01 | [main] internal.JtaPlatformInitiator (JtaPlatformInitiator.java:51) - HHH000490: Using JtaPlatform implementation: [org.hibernate.engine.transaction.jta.platform.internal.NoJtaPlatform]
INFO  | 2024-04-02 18:22:03 | [main] controller.Client (Client.java:37) - Get all book ->[Book(id=1, isbn=ISBN2651, title=Java, author=oracle, price=2000.0), Book(id=3, isbn=ISBN6512, title=Spring, author=Rod jon, price=0.0), Book(id=4, isbn=ISBN3333, title=Hibernate, author=Galvin, price=1254.0), Book(id=5, isbn=ISBN4444, title=SQL, author=SQL world, price=7851.0), Book(id=6, isbn=ISBN8888, title=Micro, author=action, price=5000.0), Book(id=7, isbn=ISBN8888, title=Micro, author=action, price=5000.0), Book(id=8, isbn=ISBN8888, title=Micro, author=action, price=5000.0), Book(id=9, isbn=ISBN8888, title=ABC, author=action, price=5003.0), Book(id=10, isbn=ISBNM343, title=cde, author=action, price=50022.0), Book(id=11, isbn=ISBN0909, title=EFG, author=action, price=5011.0), Book(id=12, isbn=ISBN8888, title=Micro, author=action, price=5000.0), Book(id=13, isbn=ISBN8888, title=SunMicroSystem, author=Eclipse, price=5000.0), Book(id=14, isbn=ISBN8888, title=SunMicroSystem, author=Eclipse, price=5000.0)]
INFO  | 2024-04-02 18:22:03 | [main] controller.Client (Client.java:40) -  get single book [Book(id=1, isbn=ISBN2651, title=Java, author=oracle, price=2000.0), Book(id=3, isbn=ISBN6512, title=Spring, author=Rod jon, price=0.0), Book(id=4, isbn=ISBN3333, title=Hibernate, author=Galvin, price=1254.0), Book(id=5, isbn=ISBN4444, title=SQL, author=SQL world, price=7851.0), Book(id=6, isbn=ISBN8888, title=Micro, author=action, price=5000.0), Book(id=7, isbn=ISBN8888, title=Micro, author=action, price=5000.0), Book(id=8, isbn=ISBN8888, title=Micro, author=action, price=5000.0), Book(id=9, isbn=ISBN8888, title=ABC, author=action, price=5003.0), Book(id=10, isbn=ISBNM343, title=cde, author=action, price=50022.0), Book(id=11, isbn=ISBN0909, title=EFG, author=action, price=5011.0), Book(id=12, isbn=ISBN8888, title=Micro, author=action, price=5000.0), Book(id=13, isbn=ISBN8888, title=SunMicroSystem, author=Eclipse, price=5000.0), Book(id=14, isbn=ISBN8888, title=SunMicroSystem, author=Eclipse, price=5000.0)]
INFO  | 2024-04-02 18:22:03 | [main] internal.DriverManagerConnectionProviderImpl$PoolState (DriverManagerConnectionProviderImpl.java:605) - HHH10001008: Cleaning up connection pool [jdbc:mysql://localhost:3306/bookstore?useSSL=false]
INFO  | 2024-04-02 18:23:21 | [main] hibernate.Version (Version.java:44) - HHH000412: Hibernate ORM core version 6.1.5.Final
WARN  | 2024-04-02 18:23:21 | [main] stax.LocalXmlResourceResolver (LocalXmlResourceResolver.java:110) - HHH90000012: Recognized obsolete hibernate namespace http://hibernate.sourceforge.net/hibernate-configuration. Use namespace http://www.hibernate.org/dtd/hibernate-configuration instead.  Support for obsolete DTD/XSD namespaces may be removed at any time.
WARN  | 2024-04-02 18:23:23 | [main] internal.DriverManagerConnectionProviderImpl (DriverManagerConnectionProviderImpl.java:77) - HHH10001002: Using built-in connection pool (not intended for production use)
INFO  | 2024-04-02 18:23:23 | [main] internal.DriverManagerConnectionProviderImpl (DriverManagerConnectionProviderImpl.java:136) - HHH10001005: Loaded JDBC driver class: com.mysql.cj.jdbc.Driver
INFO  | 2024-04-02 18:23:23 | [main] internal.DriverManagerConnectionProviderImpl (DriverManagerConnectionProviderImpl.java:158) - HHH10001012: Connecting with JDBC URL [jdbc:mysql://localhost:3306/bookstore?useSSL=false]
INFO  | 2024-04-02 18:23:23 | [main] internal.DriverManagerConnectionProviderImpl (DriverManagerConnectionProviderImpl.java:167) - HHH10001001: Connection properties: {password=****, user=root}
INFO  | 2024-04-02 18:23:23 | [main] internal.DriverManagerConnectionProviderImpl (DriverManagerConnectionProviderImpl.java:171) - HHH10001003: Autocommit mode: false
INFO  | 2024-04-02 18:23:23 | [main] internal.DriverManagerConnectionProviderImpl$PooledConnections (DriverManagerConnectionProviderImpl.java:363) - HHH10001115: Connection pool size: 50 (min=1)
INFO  | 2024-04-02 18:23:23 | [main] internal.DialectFactoryImpl (DialectFactoryImpl.java:66) - HHH000400: Using dialect: org.hibernate.dialect.MySQL57Dialect
WARN  | 2024-04-02 18:23:23 | [main] internal.DialectFactoryImpl (DialectFactoryImpl.java:73) - HHH90000026: MySQL57Dialect has been deprecated; use org.hibernate.dialect.MySQLDialect instead
INFO  | 2024-04-02 18:23:25 | [main] internal.DdlTransactionIsolatorNonJtaImpl (DdlTransactionIsolatorNonJtaImpl.java:45) - HHH10001501: Connection obtained from JdbcConnectionAccess [org.hibernate.engine.jdbc.env.internal.JdbcEnvironmentInitiator$ConnectionProviderJdbcConnectionAccess@319642db] for (non-JTA) DDL execution was not in auto-commit mode; the Connection 'local transaction' will be committed and the Connection will be set into auto-commit mode.
INFO  | 2024-04-02 18:23:25 | [main] internal.JtaPlatformInitiator (JtaPlatformInitiator.java:51) - HHH000490: Using JtaPlatform implementation: [org.hibernate.engine.transaction.jta.platform.internal.NoJtaPlatform]
INFO  | 2024-04-02 18:23:27 | [main] controller.Client (Client.java:37) - Get all book ->[Book(id=1, isbn=ISBN2651, title=Java, author=oracle, price=2000.0), Book(id=3, isbn=ISBN6512, title=Spring, author=Rod jon, price=0.0), Book(id=4, isbn=ISBN3333, title=Hibernate, author=Galvin, price=1254.0), Book(id=5, isbn=ISBN4444, title=SQL, author=SQL world, price=7851.0), Book(id=6, isbn=ISBN8888, title=Micro, author=action, price=5000.0), Book(id=7, isbn=ISBN8888, title=Micro, author=action, price=5000.0), Book(id=8, isbn=ISBN8888, title=Micro, author=action, price=5000.0), Book(id=9, isbn=ISBN8888, title=ABC, author=action, price=5003.0), Book(id=10, isbn=ISBNM343, title=cde, author=action, price=50022.0), Book(id=11, isbn=ISBN0909, title=EFG, author=action, price=5011.0), Book(id=12, isbn=ISBN8888, title=Micro, author=action, price=5000.0), Book(id=13, isbn=ISBN8888, title=SunMicroSystem, author=Eclipse, price=5000.0), Book(id=14, isbn=ISBN8888, title=SunMicroSystem, author=Eclipse, price=5000.0), Book(id=15, isbn=ISBN8888, title=SunMicroSystem, author=Eclipse, price=5000.0)]
INFO  | 2024-04-02 18:23:27 | [main] controller.Client (Client.java:40) -  get single book Book(id=1, isbn=ISBN2651, title=Java, author=oracle, price=2000.0)
INFO  | 2024-04-02 18:23:27 | [main] internal.DriverManagerConnectionProviderImpl$PoolState (DriverManagerConnectionProviderImpl.java:605) - HHH10001008: Cleaning up connection pool [jdbc:mysql://localhost:3306/bookstore?useSSL=false]
INFO  | 2024-04-02 21:26:01 | [main] util.LogHelper (LogHelper.java:31) - HHH000204: Processing PersistenceUnitInfo [name: bookstore]
INFO  | 2024-04-02 21:26:02 | [main] hibernate.Version (Version.java:44) - HHH000412: Hibernate ORM core version 6.1.5.Final
WARN  | 2024-04-02 21:26:03 | [main] internal.EntityManagerFactoryBuilderImpl (EntityManagerFactoryBuilderImpl.java:670) - HHH90000021: Encountered deprecated setting [javax.persistence.jdbc.user], use [jakarta.persistence.jdbc.user] instead
WARN  | 2024-04-02 21:26:03 | [main] internal.EntityManagerFactoryBuilderImpl (EntityManagerFactoryBuilderImpl.java:692) - HHH90000021: Encountered deprecated setting [javax.persistence.jdbc.password], use [jakarta.persistence.jdbc.password] instead
WARN  | 2024-04-02 21:26:03 | [main] internal.EntityManagerFactoryBuilderImpl (EntityManagerFactoryBuilderImpl.java:1007) - HHH90000021: Encountered deprecated setting [javax.persistence.jdbc.url], use [jakarta.persistence.jdbc.url] instead
WARN  | 2024-04-02 21:26:03 | [main] internal.EntityManagerFactoryBuilderImpl (EntityManagerFactoryBuilderImpl.java:1014) - HHH90000021: Encountered deprecated setting [javax.persistence.jdbc.driver], use [jakarta.persistence.jdbc.driver] instead
WARN  | 2024-04-02 21:26:05 | [main] internal.DriverManagerConnectionProviderImpl (DriverManagerConnectionProviderImpl.java:77) - HHH10001002: Using built-in connection pool (not intended for production use)
INFO  | 2024-04-02 21:26:06 | [main] internal.DriverManagerConnectionProviderImpl (DriverManagerConnectionProviderImpl.java:136) - HHH10001005: Loaded JDBC driver class: com.mysql.cj.jdbc.Driver
INFO  | 2024-04-02 21:26:06 | [main] internal.DriverManagerConnectionProviderImpl (DriverManagerConnectionProviderImpl.java:158) - HHH10001012: Connecting with JDBC URL [jdbc:mysql://localhost:3306/bookstore]
INFO  | 2024-04-02 21:26:06 | [main] internal.DriverManagerConnectionProviderImpl (DriverManagerConnectionProviderImpl.java:167) - HHH10001001: Connection properties: {password=****, user=root}
INFO  | 2024-04-02 21:26:06 | [main] internal.DriverManagerConnectionProviderImpl (DriverManagerConnectionProviderImpl.java:171) - HHH10001003: Autocommit mode: false
INFO  | 2024-04-02 21:26:06 | [main] internal.DriverManagerConnectionProviderImpl$PooledConnections (DriverManagerConnectionProviderImpl.java:363) - HHH10001115: Connection pool size: 20 (min=1)
INFO  | 2024-04-02 21:26:11 | [main] internal.DialectFactoryImpl (DialectFactoryImpl.java:66) - HHH000400: Using dialect: org.hibernate.dialect.MySQLDialect
INFO  | 2024-04-02 21:26:12 | [main] internal.DriverManagerConnectionProviderImpl$PoolState (DriverManagerConnectionProviderImpl.java:605) - HHH10001008: Cleaning up connection pool [jdbc:mysql://localhost:3306/bookstore]
INFO  | 2024-04-02 21:27:56 | [main] util.LogHelper (LogHelper.java:31) - HHH000204: Processing PersistenceUnitInfo [name: bookstore]
INFO  | 2024-04-02 21:27:57 | [main] hibernate.Version (Version.java:44) - HHH000412: Hibernate ORM core version 6.1.5.Final
WARN  | 2024-04-02 21:27:57 | [main] internal.EntityManagerFactoryBuilderImpl (EntityManagerFactoryBuilderImpl.java:670) - HHH90000021: Encountered deprecated setting [javax.persistence.jdbc.user], use [jakarta.persistence.jdbc.user] instead
WARN  | 2024-04-02 21:27:57 | [main] internal.EntityManagerFactoryBuilderImpl (EntityManagerFactoryBuilderImpl.java:692) - HHH90000021: Encountered deprecated setting [javax.persistence.jdbc.password], use [jakarta.persistence.jdbc.password] instead
WARN  | 2024-04-02 21:27:57 | [main] internal.EntityManagerFactoryBuilderImpl (EntityManagerFactoryBuilderImpl.java:1007) - HHH90000021: Encountered deprecated setting [javax.persistence.jdbc.url], use [jakarta.persistence.jdbc.url] instead
WARN  | 2024-04-02 21:27:57 | [main] internal.EntityManagerFactoryBuilderImpl (EntityManagerFactoryBuilderImpl.java:1014) - HHH90000021: Encountered deprecated setting [javax.persistence.jdbc.driver], use [jakarta.persistence.jdbc.driver] instead
WARN  | 2024-04-02 21:27:58 | [main] internal.DriverManagerConnectionProviderImpl (DriverManagerConnectionProviderImpl.java:77) - HHH10001002: Using built-in connection pool (not intended for production use)
INFO  | 2024-04-02 21:27:58 | [main] internal.DriverManagerConnectionProviderImpl (DriverManagerConnectionProviderImpl.java:136) - HHH10001005: Loaded JDBC driver class: com.mysql.cj.jdbc.Driver
INFO  | 2024-04-02 21:27:58 | [main] internal.DriverManagerConnectionProviderImpl (DriverManagerConnectionProviderImpl.java:158) - HHH10001012: Connecting with JDBC URL [jdbc:mysql://localhost:3306/bookstore]
INFO  | 2024-04-02 21:27:58 | [main] internal.DriverManagerConnectionProviderImpl (DriverManagerConnectionProviderImpl.java:167) - HHH10001001: Connection properties: {password=****, user=root}
INFO  | 2024-04-02 21:27:58 | [main] internal.DriverManagerConnectionProviderImpl (DriverManagerConnectionProviderImpl.java:171) - HHH10001003: Autocommit mode: false
INFO  | 2024-04-02 21:27:58 | [main] internal.DriverManagerConnectionProviderImpl$PooledConnections (DriverManagerConnectionProviderImpl.java:363) - HHH10001115: Connection pool size: 20 (min=1)
INFO  | 2024-04-02 21:27:59 | [main] internal.DialectFactoryImpl (DialectFactoryImpl.java:66) - HHH000400: Using dialect: org.hibernate.dialect.MySQLDialect
INFO  | 2024-04-02 21:28:03 | [main] internal.DdlTransactionIsolatorNonJtaImpl (DdlTransactionIsolatorNonJtaImpl.java:45) - HHH10001501: Connection obtained from JdbcConnectionAccess [org.hibernate.engine.jdbc.env.internal.JdbcEnvironmentInitiator$ConnectionProviderJdbcConnectionAccess@27b337bb] for (non-JTA) DDL execution was not in auto-commit mode; the Connection 'local transaction' will be committed and the Connection will be set into auto-commit mode.
INFO  | 2024-04-02 21:28:04 | [main] internal.JtaPlatformInitiator (JtaPlatformInitiator.java:51) - HHH000490: Using JtaPlatform implementation: [org.hibernate.engine.transaction.jta.platform.internal.NoJtaPlatform]
INFO  | 2024-04-02 21:28:04 | [main] controller.Client (Client.java:47) - Unable to locate persister: com.razz.hibernate.domain.Book
INFO  | 2024-04-02 21:28:06 | [main] controller.Client (Client.java:53) - Get all book ->[Book(id=1, isbn=ISBN2651, title=Java, author=oracle, price=2000.0), Book(id=3, isbn=ISBN6512, title=Spring, author=Rod jon, price=0.0), Book(id=4, isbn=ISBN3333, title=Hibernate, author=Galvin, price=1254.0), Book(id=5, isbn=ISBN4444, title=SQL, author=SQL world, price=7851.0), Book(id=6, isbn=ISBN8888, title=Micro, author=action, price=5000.0), Book(id=7, isbn=ISBN8888, title=Micro, author=action, price=5000.0), Book(id=8, isbn=ISBN8888, title=Micro, author=action, price=5000.0), Book(id=9, isbn=ISBN8888, title=ABC, author=action, price=5003.0), Book(id=10, isbn=ISBNM343, title=cde, author=action, price=50022.0), Book(id=11, isbn=ISBN0909, title=EFG, author=action, price=5011.0), Book(id=12, isbn=ISBN8888, title=Micro, author=action, price=5000.0), Book(id=13, isbn=ISBN8888, title=SunMicroSystem, author=Eclipse, price=5000.0), Book(id=14, isbn=ISBN8888, title=SunMicroSystem, author=Eclipse, price=5000.0), Book(id=15, isbn=ISBN8888, title=SunMicroSystem, author=Eclipse, price=5000.0)]
INFO  | 2024-04-02 21:29:07 | [main] util.LogHelper (LogHelper.java:31) - HHH000204: Processing PersistenceUnitInfo [name: bookstore]
INFO  | 2024-04-02 21:29:07 | [main] hibernate.Version (Version.java:44) - HHH000412: Hibernate ORM core version 6.1.5.Final
WARN  | 2024-04-02 21:29:07 | [main] internal.EntityManagerFactoryBuilderImpl (EntityManagerFactoryBuilderImpl.java:670) - HHH90000021: Encountered deprecated setting [javax.persistence.jdbc.user], use [jakarta.persistence.jdbc.user] instead
WARN  | 2024-04-02 21:29:07 | [main] internal.EntityManagerFactoryBuilderImpl (EntityManagerFactoryBuilderImpl.java:692) - HHH90000021: Encountered deprecated setting [javax.persistence.jdbc.password], use [jakarta.persistence.jdbc.password] instead
WARN  | 2024-04-02 21:29:07 | [main] internal.EntityManagerFactoryBuilderImpl (EntityManagerFactoryBuilderImpl.java:1007) - HHH90000021: Encountered deprecated setting [javax.persistence.jdbc.url], use [jakarta.persistence.jdbc.url] instead
WARN  | 2024-04-02 21:29:07 | [main] internal.EntityManagerFactoryBuilderImpl (EntityManagerFactoryBuilderImpl.java:1014) - HHH90000021: Encountered deprecated setting [javax.persistence.jdbc.driver], use [jakarta.persistence.jdbc.driver] instead
WARN  | 2024-04-02 21:29:08 | [main] internal.DriverManagerConnectionProviderImpl (DriverManagerConnectionProviderImpl.java:77) - HHH10001002: Using built-in connection pool (not intended for production use)
INFO  | 2024-04-02 21:29:08 | [main] internal.DriverManagerConnectionProviderImpl (DriverManagerConnectionProviderImpl.java:136) - HHH10001005: Loaded JDBC driver class: com.mysql.cj.jdbc.Driver
INFO  | 2024-04-02 21:29:08 | [main] internal.DriverManagerConnectionProviderImpl (DriverManagerConnectionProviderImpl.java:158) - HHH10001012: Connecting with JDBC URL [jdbc:mysql://localhost:3306/bookstore]
INFO  | 2024-04-02 21:29:08 | [main] internal.DriverManagerConnectionProviderImpl (DriverManagerConnectionProviderImpl.java:167) - HHH10001001: Connection properties: {password=****, user=root}
INFO  | 2024-04-02 21:29:08 | [main] internal.DriverManagerConnectionProviderImpl (DriverManagerConnectionProviderImpl.java:171) - HHH10001003: Autocommit mode: false
INFO  | 2024-04-02 21:29:08 | [main] internal.DriverManagerConnectionProviderImpl$PooledConnections (DriverManagerConnectionProviderImpl.java:363) - HHH10001115: Connection pool size: 20 (min=1)
INFO  | 2024-04-02 21:29:09 | [main] internal.DialectFactoryImpl (DialectFactoryImpl.java:66) - HHH000400: Using dialect: org.hibernate.dialect.MySQLDialect
INFO  | 2024-04-02 21:29:12 | [main] internal.DdlTransactionIsolatorNonJtaImpl (DdlTransactionIsolatorNonJtaImpl.java:45) - HHH10001501: Connection obtained from JdbcConnectionAccess [org.hibernate.engine.jdbc.env.internal.JdbcEnvironmentInitiator$ConnectionProviderJdbcConnectionAccess@27b337bb] for (non-JTA) DDL execution was not in auto-commit mode; the Connection 'local transaction' will be committed and the Connection will be set into auto-commit mode.
INFO  | 2024-04-02 21:29:12 | [main] internal.JtaPlatformInitiator (JtaPlatformInitiator.java:51) - HHH000490: Using JtaPlatform implementation: [org.hibernate.engine.transaction.jta.platform.internal.NoJtaPlatform]
INFO  | 2024-04-02 21:29:14 | [main] controller.Client (Client.java:53) - Get all book ->[Book(id=1, isbn=ISBN2651, title=Java, author=oracle, price=2000.0), Book(id=3, isbn=ISBN6512, title=Spring, author=Rod jon, price=0.0), Book(id=4, isbn=ISBN3333, title=Hibernate, author=Galvin, price=1254.0), Book(id=5, isbn=ISBN4444, title=SQL, author=SQL world, price=7851.0), Book(id=6, isbn=ISBN8888, title=Micro, author=action, price=5000.0), Book(id=7, isbn=ISBN8888, title=Micro, author=action, price=5000.0), Book(id=8, isbn=ISBN8888, title=Micro, author=action, price=5000.0), Book(id=9, isbn=ISBN8888, title=ABC, author=action, price=5003.0), Book(id=10, isbn=ISBNM343, title=cde, author=action, price=50022.0), Book(id=11, isbn=ISBN0909, title=EFG, author=action, price=5011.0), Book(id=12, isbn=ISBN8888, title=Micro, author=action, price=5000.0), Book(id=13, isbn=ISBN8888, title=SunMicroSystem, author=Eclipse, price=5000.0), Book(id=14, isbn=ISBN8888, title=SunMicroSystem, author=Eclipse, price=5000.0), Book(id=15, isbn=ISBN8888, title=SunMicroSystem, author=Eclipse, price=5000.0), Book(id=16, isbn=ISBN8888, title=anybook, author=anyauthor, price=100.0)]
INFO  | 2024-04-02 21:29:14 | [main] controller.Client (Client.java:56) -  get single book Book(id=1, isbn=ISBN2651, title=Java, author=oracle, price=2000.0)
INFO  | 2024-04-02 21:29:14 | [main] internal.DriverManagerConnectionProviderImpl$PoolState (DriverManagerConnectionProviderImpl.java:605) - HHH10001008: Cleaning up connection pool [jdbc:mysql://localhost:3306/bookstore]
INFO  | 2024-04-02 21:31:28 | [main] util.LogHelper (LogHelper.java:31) - HHH000204: Processing PersistenceUnitInfo [name: bookstore]
INFO  | 2024-04-02 21:31:28 | [main] hibernate.Version (Version.java:44) - HHH000412: Hibernate ORM core version 6.1.5.Final
WARN  | 2024-04-02 21:31:30 | [main] internal.DriverManagerConnectionProviderImpl (DriverManagerConnectionProviderImpl.java:77) - HHH10001002: Using built-in connection pool (not intended for production use)
INFO  | 2024-04-02 21:31:30 | [main] internal.DriverManagerConnectionProviderImpl (DriverManagerConnectionProviderImpl.java:136) - HHH10001005: Loaded JDBC driver class: com.mysql.cj.jdbc.Driver
INFO  | 2024-04-02 21:31:30 | [main] internal.DriverManagerConnectionProviderImpl (DriverManagerConnectionProviderImpl.java:158) - HHH10001012: Connecting with JDBC URL [jdbc:mysql://localhost:3306/bookstore]
INFO  | 2024-04-02 21:31:30 | [main] internal.DriverManagerConnectionProviderImpl (DriverManagerConnectionProviderImpl.java:167) - HHH10001001: Connection properties: {password=****, user=root}
INFO  | 2024-04-02 21:31:30 | [main] internal.DriverManagerConnectionProviderImpl (DriverManagerConnectionProviderImpl.java:171) - HHH10001003: Autocommit mode: false
INFO  | 2024-04-02 21:31:30 | [main] internal.DriverManagerConnectionProviderImpl$PooledConnections (DriverManagerConnectionProviderImpl.java:363) - HHH10001115: Connection pool size: 20 (min=1)
INFO  | 2024-04-02 21:31:32 | [main] internal.DialectFactoryImpl (DialectFactoryImpl.java:66) - HHH000400: Using dialect: org.hibernate.dialect.MySQLDialect
INFO  | 2024-04-02 21:31:34 | [main] internal.DdlTransactionIsolatorNonJtaImpl (DdlTransactionIsolatorNonJtaImpl.java:45) - HHH10001501: Connection obtained from JdbcConnectionAccess [org.hibernate.engine.jdbc.env.internal.JdbcEnvironmentInitiator$ConnectionProviderJdbcConnectionAccess@6467ddc7] for (non-JTA) DDL execution was not in auto-commit mode; the Connection 'local transaction' will be committed and the Connection will be set into auto-commit mode.
INFO  | 2024-04-02 21:31:34 | [main] internal.JtaPlatformInitiator (JtaPlatformInitiator.java:51) - HHH000490: Using JtaPlatform implementation: [org.hibernate.engine.transaction.jta.platform.internal.NoJtaPlatform]
INFO  | 2024-04-02 21:31:37 | [main] controller.Client (Client.java:53) - Get all book ->[Book(id=1, isbn=ISBN2651, title=Java, author=oracle, price=2000.0), Book(id=3, isbn=ISBN6512, title=Spring, author=Rod jon, price=0.0), Book(id=4, isbn=ISBN3333, title=Hibernate, author=Galvin, price=1254.0), Book(id=5, isbn=ISBN4444, title=SQL, author=SQL world, price=7851.0), Book(id=6, isbn=ISBN8888, title=Micro, author=action, price=5000.0), Book(id=7, isbn=ISBN8888, title=Micro, author=action, price=5000.0), Book(id=8, isbn=ISBN8888, title=Micro, author=action, price=5000.0), Book(id=9, isbn=ISBN8888, title=ABC, author=action, price=5003.0), Book(id=10, isbn=ISBNM343, title=cde, author=action, price=50022.0), Book(id=11, isbn=ISBN0909, title=EFG, author=action, price=5011.0), Book(id=12, isbn=ISBN8888, title=Micro, author=action, price=5000.0), Book(id=13, isbn=ISBN8888, title=SunMicroSystem, author=Eclipse, price=5000.0), Book(id=14, isbn=ISBN8888, title=SunMicroSystem, author=Eclipse, price=5000.0), Book(id=15, isbn=ISBN8888, title=SunMicroSystem, author=Eclipse, price=5000.0), Book(id=16, isbn=ISBN8888, title=anybook, author=anyauthor, price=100.0), Book(id=17, isbn=ISBN8888, title=anybook, author=anyauthor, price=100.0)]
INFO  | 2024-04-02 21:31:37 | [main] controller.Client (Client.java:56) -  get single book Book(id=1, isbn=ISBN2651, title=Java, author=oracle, price=2000.0)
INFO  | 2024-04-02 21:31:37 | [main] internal.DriverManagerConnectionProviderImpl$PoolState (DriverManagerConnectionProviderImpl.java:605) - HHH10001008: Cleaning up connection pool [jdbc:mysql://localhost:3306/bookstore]
